[debug] [2022-12-10T18:37:59.210Z] ----------------------------------------------------------------------
[debug] [2022-12-10T18:37:59.214Z] Command:       C:\Program Files\nodejs\node.exe C:\Users\PizzaSteve\AppData\Roaming\npm\node_modules\firebase-tools\lib\bin\firebase.js init
[debug] [2022-12-10T18:37:59.214Z] CLI Version:   11.17.0
[debug] [2022-12-10T18:37:59.214Z] Platform:      win32
[debug] [2022-12-10T18:37:59.214Z] Node Version:  v14.20.0
[debug] [2022-12-10T18:37:59.216Z] Time:          Sat Dec 10 2022 20:37:59 GMT+0200 (Eastern European Standard Time)
[debug] [2022-12-10T18:37:59.216Z] ----------------------------------------------------------------------
[debug] 
[debug] [2022-12-10T18:37:59.225Z] > command requires scopes: ["email","openid","https://www.googleapis.com/auth/cloudplatformprojects.readonly","https://www.googleapis.com/auth/firebase","https://www.googleapis.com/auth/cloud-platform"]
[debug] [2022-12-10T18:37:59.226Z] > authorizing via signed-in user (zomazoro28@gmail.com)
[info] 
     ######## #### ########  ######## ########     ###     ######  ########
     ##        ##  ##     ## ##       ##     ##  ##   ##  ##       ##
     ######    ##  ########  ######   ########  #########  ######  ######
     ##        ##  ##    ##  ##       ##     ## ##     ##       ## ##
     ##       #### ##     ## ######## ########  ##     ##  ######  ########

You're about to initialize a Firebase project in this directory:

  C:\projects\aila-project\New folder

Before we get started, keep in mind:

  * You are currently outside your home directory

[info] 
=== Project Setup
[info] 
[info] First, let's associate this project directory with a Firebase project.
[info] You can create multiple project aliases by running firebase use --add, 
[info] but for now we'll just set up a default project.
[info] 
[debug] [2022-12-10T18:38:52.670Z] >>> [apiv2][query] GET https://firebase.googleapis.com/v1beta1/projects pageSize=100
[debug] [2022-12-10T18:38:53.378Z] <<< [apiv2][status] GET https://firebase.googleapis.com/v1beta1/projects 200
[debug] [2022-12-10T18:38:53.378Z] <<< [apiv2][body] GET https://firebase.googleapis.com/v1beta1/projects [omitted]
[info] i  Using project mo3alemy-aeb97 (mo3alemy) 
[info] 
=== Hosting Setup
[info] 
[info] Your public directory is the folder (relative to your project directory) that
[info] will contain Hosting assets to be uploaded with firebase deploy. If you
[info] have a build process for your assets, use your build's output directory.
[info] 
[info] +  Wrote public/404.html 
[debug] [2022-12-10T18:39:58.873Z] >>> [apiv2][query] GET https://www.gstatic.com/firebasejs/releases.json [none]
[debug] [2022-12-10T18:39:59.201Z] <<< [apiv2][status] GET https://www.gstatic.com/firebasejs/releases.json 200
[debug] [2022-12-10T18:39:59.202Z] <<< [apiv2][body] GET https://www.gstatic.com/firebasejs/releases.json {"current":{"version":"9.15.0","browserURL":"https://www.gstatic.com/firebasejs/9.15.0/firebase.js","packageURL":"https://www.gstatic.com/firebasejs/9.15.0/firebase.tgz"},"live":{"version":"9.15","browserURL":"https://www.gstatic.com/firebasejs/live/9.15/firebase.js","packageURL":"https://www.gstatic.com/firebasejs/live/9.15/firebase.tgz"},"components":{"analytics":"https://www.gstatic.com/firebasejs/9.15.0/firebase-analytics.js","app":"https://www.gstatic.com/firebasejs/9.15.0/firebase-app.js","app-check":"https://www.gstatic.com/firebasejs/9.15.0/firebase-app-check.js","auth":"https://www.gstatic.com/firebasejs/9.15.0/firebase-auth.js","auth/cordova":"https://www.gstatic.com/firebasejs/9.15.0/firebase-auth/cordova.js","auth/react-native":"https://www.gstatic.com/firebasejs/9.15.0/firebase-auth/react-native.js","functions":"https://www.gstatic.com/firebasejs/9.15.0/firebase-functions.js","firestore":"https://www.gstatic.com/firebasejs/9.15.0/firebase-firestore.js","firestore/lite":"https://www.gstatic.com/firebasejs/9.15.0/firebase-firestore/lite.js","installations":"https://www.gstatic.com/firebasejs/9.15.0/firebase-installations.js","storage":"https://www.gstatic.com/firebasejs/9.15.0/firebase-storage.js","performance":"https://www.gstatic.com/firebasejs/9.15.0/firebase-performance.js","remote-config":"https://www.gstatic.com/firebasejs/9.15.0/firebase-remote-config.js","messaging":"https://www.gstatic.com/firebasejs/9.15.0/firebase-messaging.js","messaging/sw":"https://www.gstatic.com/firebasejs/9.15.0/firebase-messaging/sw.js","database":"https://www.gstatic.com/firebasejs/9.15.0/firebase-database.js","firestore.memory":"https://www.gstatic.com/firebasejs/9.15.0/firebase-firestore.memory.js"}}
[info] +  Wrote public/index.html 
[info] 
[info] i  Didn't detect a .git folder. Assuming C:\projects\aila-project\New folder is the project root. 
[info] i  Authorizing with GitHub to upload your service account to a GitHub repository's secrets store. 
[info] 
[info] Visit this URL on this device to log in:
[info] https://github.com/login/oauth/authorize?client_id=89cf50f02ac6aaed3484&state=336634328&redirect_uri=http%3A%2F%2Flocalhost%3A9005&scope=read%3Auser%20repo%20public_repo
[info] 
[info] Waiting for authentication...
[debug] [2022-12-10T18:40:14.828Z] >>> [apiv2][query] POST https://github.com/login/oauth/access_token [none]
[debug] [2022-12-10T18:40:14.829Z] >>> [apiv2][body] POST https://github.com/login/oauth/access_token [stream]
[debug] [2022-12-10T18:40:16.416Z] <<< [apiv2][status] POST https://github.com/login/oauth/access_token 200
[debug] [2022-12-10T18:40:16.417Z] <<< [apiv2][body] POST https://github.com/login/oauth/access_token {"access_token":"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","token_type":"bearer","scope":"read:user,repo"}
[debug] [2022-12-10T18:40:16.425Z] >>> [apiv2][query] GET https://api.github.com/user [none]
[debug] [2022-12-10T18:40:18.689Z] <<< [apiv2][status] GET https://api.github.com/user 200
[debug] [2022-12-10T18:40:18.689Z] <<< [apiv2][body] GET https://api.github.com/user {"login":"hazemelfeky","id":71050085,"node_id":"MDQ6VXNlcjcxMDUwMDg1","avatar_url":"https://avatars.githubusercontent.com/u/71050085?v=4","gravatar_id":"","url":"https://api.github.com/users/hazemelfeky","html_url":"https://github.com/hazemelfeky","followers_url":"https://api.github.com/users/hazemelfeky/followers","following_url":"https://api.github.com/users/hazemelfeky/following{/other_user}","gists_url":"https://api.github.com/users/hazemelfeky/gists{/gist_id}","starred_url":"https://api.github.com/users/hazemelfeky/starred{/owner}{/repo}","subscriptions_url":"https://api.github.com/users/hazemelfeky/subscriptions","organizations_url":"https://api.github.com/users/hazemelfeky/orgs","repos_url":"https://api.github.com/users/hazemelfeky/repos","events_url":"https://api.github.com/users/hazemelfeky/events{/privacy}","received_events_url":"https://api.github.com/users/hazemelfeky/received_events","type":"User","site_admin":false,"name":null,"company":null,"blog":"","location":null,"email":null,"hireable":null,"bio":null,"twitter_username":null,"public_repos":23,"public_gists":0,"followers":5,"following":5,"created_at":"2020-09-10T01:04:10Z","updated_at":"2022-12-01T15:17:54Z","private_gists":0,"total_private_repos":13,"owned_private_repos":13,"disk_usage":48314,"collaborators":0,"two_factor_authentication":false,"plan":{"name":"pro","space":976562499,"collaborators":0,"private_repos":9999}}
[info] 
[info] +  Success! Logged into GitHub as hazemelfeky 
[info] 
